
############### Grid Search ###############
---------------- RFC ----------------
Grid Search CV Results:

Best Parameters:
{'class_weight': 'balanced', 'criterion': 'gini', 'max_depth': 2, 'n_estimators': 5}

Best Score 0.7692307692307693




---------------- LOG ----------------
Grid Search CV Results:

Best Parameters:
{'C': 1, 'class_weight': 'balanced', 'penalty': 'l2'}

Best Score 0.723076923076923




---------------- KNN ----------------
Grid Search CV Results:

Best Parameters:
{'n_neighbors': 1, 'p': 2, 'weights': 'uniform'}

Best Score 0.6076923076923076




---------------- MLP ----------------
Grid Search CV Results:

Best Parameters:
{'hidden_layer_sizes': (200, 200, 200), 'max_iter': 200, 'nesterovs_momentum': False}

Best Score 0.576923076923077




---------------- DT-BOOST ----------------
Grid Search CV Results:

Best Parameters:
{'learning_rate': 0.1, 'n_estimators': 5}

Best Score 0.7230769230769231




---------------- GNB ----------------
Grid Search CV Results:

Best Parameters:
{'priors': [0.5, 0.5], 'var_smoothing': 1e-11}

Best Score 0.7230769230769232




---------------- STACK  ----------------
Grid Search CV Results:

Best Parameters:
{'C': 3, 'class_weight': 'balanced', 'penalty': 'l2'}

Best Score 0.7944444444444445

/home/user1/acnagle/cla/env/cla/lib/python3.6/site-packages/sklearn/neural_network/_multilayer_perceptron.py:571: ConvergenceWarning: Stochastic Optimizer: Maximum iterations (200) reached and the optimization hasn't converged yet.
  % self.max_iter, ConvergenceWarning)
/home/user1/acnagle/cla/env/cla/lib/python3.6/site-packages/sklearn/neural_network/_multilayer_perceptron.py:571: ConvergenceWarning: Stochastic Optimizer: Maximum iterations (200) reached and the optimization hasn't converged yet.
  % self.max_iter, ConvergenceWarning)
/home/user1/acnagle/cla/env/cla/lib/python3.6/site-packages/sklearn/neural_network/_multilayer_perceptron.py:571: ConvergenceWarning: Stochastic Optimizer: Maximum iterations (200) reached and the optimization hasn't converged yet.
  % self.max_iter, ConvergenceWarning)
/home/user1/acnagle/cla/env/cla/lib/python3.6/site-packages/sklearn/utils/extmath.py:151: RuntimeWarning: overflow encountered in matmul
  ret = a @ b
/home/user1/acnagle/cla/env/cla/lib/python3.6/site-packages/sklearn/utils/extmath.py:151: RuntimeWarning: invalid value encountered in matmul
  ret = a @ b
/home/user1/acnagle/cla/env/cla/lib/python3.6/site-packages/numpy/core/_methods.py:151: RuntimeWarning: invalid value encountered in reduce
  ret = umr_sum(arr, axis, dtype, out, keepdims)
/home/user1/acnagle/cla/env/cla/lib/python3.6/site-packages/sklearn/neural_network/_multilayer_perceptron.py:571: ConvergenceWarning: Stochastic Optimizer: Maximum iterations (200) reached and the optimization hasn't converged yet.
  % self.max_iter, ConvergenceWarning)
/home/user1/acnagle/cla/env/cla/lib/python3.6/site-packages/sklearn/preprocessing/_label.py:768: RuntimeWarning: invalid value encountered in greater
  y = np.array(y > threshold, dtype=np.int)
/home/user1/acnagle/cla/env/cla/lib/python3.6/site-packages/sklearn/utils/extmath.py:151: RuntimeWarning: overflow encountered in matmul
  ret = a @ b
/home/user1/acnagle/cla/env/cla/lib/python3.6/site-packages/sklearn/utils/extmath.py:151: RuntimeWarning: invalid value encountered in matmul
  ret = a @ b
/home/user1/acnagle/cla/env/cla/lib/python3.6/site-packages/numpy/core/_methods.py:151: RuntimeWarning: invalid value encountered in reduce
  ret = umr_sum(arr, axis, dtype, out, keepdims)
/home/user1/acnagle/cla/env/cla/lib/python3.6/site-packages/sklearn/neural_network/_multilayer_perceptron.py:571: ConvergenceWarning: Stochastic Optimizer: Maximum iterations (300) reached and the optimization hasn't converged yet.
  % self.max_iter, ConvergenceWarning)
/home/user1/acnagle/cla/env/cla/lib/python3.6/site-packages/sklearn/preprocessing/_label.py:768: RuntimeWarning: invalid value encountered in greater
  y = np.array(y > threshold, dtype=np.int)
/home/user1/acnagle/cla/env/cla/lib/python3.6/site-packages/sklearn/utils/extmath.py:151: RuntimeWarning: overflow encountered in matmul
  ret = a @ b
/home/user1/acnagle/cla/env/cla/lib/python3.6/site-packages/sklearn/utils/extmath.py:151: RuntimeWarning: invalid value encountered in matmul
  ret = a @ b
/home/user1/acnagle/cla/env/cla/lib/python3.6/site-packages/numpy/core/_methods.py:151: RuntimeWarning: invalid value encountered in reduce
  ret = umr_sum(arr, axis, dtype, out, keepdims)
/home/user1/acnagle/cla/env/cla/lib/python3.6/site-packages/sklearn/neural_network/_multilayer_perceptron.py:571: ConvergenceWarning: Stochastic Optimizer: Maximum iterations (250) reached and the optimization hasn't converged yet.
  % self.max_iter, ConvergenceWarning)
/home/user1/acnagle/cla/env/cla/lib/python3.6/site-packages/sklearn/preprocessing/_label.py:768: RuntimeWarning: invalid value encountered in greater
  y = np.array(y > threshold, dtype=np.int)
